node:internal/modules/cjs/loader:998
  throw err;
  ^

Error: Cannot find module 'fastify'
Require stack:
- /home/zueffc/Projects/Mirage/mirage-web-app/main.js
    at Module._resolveFilename (node:internal/modules/cjs/loader:995:15)
    at Module._load (node:internal/modules/cjs/loader:841:27)
    at Module.require (node:internal/modules/cjs/loader:1061:19)
    at require (node:internal/modules/cjs/helpers:103:18)
    at Object.<anonymous> (/home/zueffc/Projects/Mirage/mirage-web-app/main.js:1:17)
    at Module._compile (node:internal/modules/cjs/loader:1159:14)
    at Module._extensions..js (node:internal/modules/cjs/loader:1213:10)
    at Module.load (node:internal/modules/cjs/loader:1037:32)
    at Module._load (node:internal/modules/cjs/loader:878:12)
    at Function.executeUserEntryPoint [as runMain] (node:internal/modules/run_main:81:12) {
  code: 'MODULE_NOT_FOUND',
  requireStack: [ '/home/zueffc/Projects/Mirage/mirage-web-app/main.js' ]
}

Node.js v18.12.1
node:internal/modules/cjs/loader:998
  throw err;
  ^

Error: Cannot find module 'fastify'
Require stack:
- /home/zueffc/Projects/Mirage/mirage-web-app/main.js
    at Module._resolveFilename (node:internal/modules/cjs/loader:995:15)
    at Module._load (node:internal/modules/cjs/loader:841:27)
    at Module.require (node:internal/modules/cjs/loader:1061:19)
    at require (node:internal/modules/cjs/helpers:103:18)
    at Object.<anonymous> (/home/zueffc/Projects/Mirage/mirage-web-app/main.js:1:17)
    at Module._compile (node:internal/modules/cjs/loader:1159:14)
    at Module._extensions..js (node:internal/modules/cjs/loader:1213:10)
    at Module.load (node:internal/modules/cjs/loader:1037:32)
    at Module._load (node:internal/modules/cjs/loader:878:12)
    at Function.executeUserEntryPoint [as runMain] (node:internal/modules/run_main:81:12) {
  code: 'MODULE_NOT_FOUND',
  requireStack: [ '/home/zueffc/Projects/Mirage/mirage-web-app/main.js' ]
}

Node.js v18.12.1
5000
5000
5000
